0 verbose cli /usr/local/bin/node /usr/local/lib/node_modules/npm/bin/npm-cli.js
1 info using npm@8.19.4
2 info using node@v16.20.0
3 timing npm:load:whichnode Completed in 0ms
4 timing config:load:defaults Completed in 1ms
5 timing config:load:file:/usr/local/lib/node_modules/npm/npmrc Completed in 1ms
6 timing config:load:builtin Completed in 1ms
7 timing config:load:cli Completed in 1ms
8 timing config:load:env Completed in 0ms
9 timing config:load:project Completed in 2ms
10 timing config:load:file:/usr/src/node-red/.npmrc Completed in 1ms
11 timing config:load:user Completed in 1ms
12 timing config:load:file:/usr/local/etc/npmrc Completed in 2ms
13 timing config:load:global Completed in 2ms
14 timing config:load:validate Completed in 1ms
15 timing config:load:credentials Completed in 1ms
16 timing config:load:setEnvs Completed in 1ms
17 timing config:load Completed in 12ms
18 timing npm:load:configload Completed in 12ms
19 timing npm:load:mkdirpcache Completed in 4ms
20 timing npm:load:mkdirplogs Completed in 1ms
21 verbose title npm exec node-red admin init
22 verbose argv "exec" "--" "node-red" "admin" "init"
23 timing npm:load:setTitle Completed in 2ms
24 timing config:load:flatten Completed in 4ms
25 timing npm:load:display Completed in 7ms
26 verbose logfile logs-max:10 dir:/data/.npm/_logs
27 verbose logfile /data/.npm/_logs/2023-06-30T03_34_21_142Z-debug-0.log
28 timing npm:load:logFile Completed in 5ms
29 timing npm:load:timers Completed in 0ms
30 timing npm:load:configScope Completed in 0ms
31 timing npm:load Completed in 32ms
32 silly logfile start cleaning logs, removing 18 files
33 silly logfile done cleaning log files
34 http fetch GET 200 https://registry.npmjs.org/npm 584ms (cache miss)
35 timing command:exec Completed in 13159ms
36 notice
36 notice New [31mmajor[39m version of npm available! [31m8.19.4[39m -> [32m9.7.2[39m
36 notice Changelog: [36mhttps://github.com/npm/cli/releases/tag/v9.7.2[39m
36 notice Run [32mnpm install -g npm@9.7.2[39m to update!
36 notice
37 verbose exit 0
38 timing npm Completed in 13270ms
39 info ok
