0 verbose cli /usr/local/bin/node /usr/local/bin/npm
1 info using npm@8.19.4
2 info using node@v16.20.0
3 timing npm:load:whichnode Completed in 1ms
4 timing config:load:defaults Completed in 1ms
5 timing config:load:file:/usr/local/lib/node_modules/npm/npmrc Completed in 2ms
6 timing config:load:builtin Completed in 2ms
7 warn config production Use `--omit=dev` instead.
8 timing config:load:cli Completed in 3ms
9 timing config:load:env Completed in 0ms
10 timing config:load:file:/data/.npmrc Completed in 1ms
11 timing config:load:project Completed in 3ms
12 timing config:load:file:/usr/src/node-red/.npmrc Completed in 0ms
13 timing config:load:user Completed in 0ms
14 timing config:load:file:/usr/local/etc/npmrc Completed in 3ms
15 timing config:load:global Completed in 3ms
16 timing config:load:validate Completed in 1ms
17 timing config:load:credentials Completed in 1ms
18 timing config:load:setEnvs Completed in 1ms
19 timing config:load Completed in 15ms
20 timing npm:load:configload Completed in 15ms
21 timing npm:load:mkdirpcache Completed in 6ms
22 timing npm:load:mkdirplogs Completed in 1ms
23 verbose title npm install node-red-dashboard@3.5.0
24 verbose argv "install" "--no-audit" "--no-update-notifier" "--no-fund" "--save" "--save-prefix" "~" "--production" "--engine-strict" "node-red-dashboard@3.5.0"
25 timing npm:load:setTitle Completed in 2ms
26 timing config:load:flatten Completed in 3ms
27 timing npm:load:display Completed in 6ms
28 verbose logfile logs-max:10 dir:/data/.npm/_logs
29 verbose logfile /data/.npm/_logs/2023-06-30T06_31_13_199Z-debug-0.log
30 timing npm:load:logFile Completed in 6ms
31 timing npm:load:timers Completed in 0ms
32 timing npm:load:configScope Completed in 0ms
33 timing npm:load Completed in 37ms
34 timing arborist:ctor Completed in 2ms
35 silly logfile start cleaning logs, removing 3 files
36 silly logfile done cleaning log files
37 timing arborist:ctor Completed in 1ms
38 timing idealTree:init Completed in 18ms
39 timing idealTree:userRequests Completed in 4ms
40 silly idealTree buildDeps
41 silly fetch manifest node-red-dashboard@3.5.0
42 http fetch GET 200 https://registry.npmjs.org/node-red-dashboard 529ms (cache miss)
43 silly placeDep ROOT node-red-dashboard@3.5.0 OK for: node-red-project@0.0.1 want: 3.5.0
44 silly fetch manifest compression@^1.7.4
45 silly fetch manifest gridstack@^0.6.4
46 silly fetch manifest serve-static@^1.15.0
47 silly fetch manifest socket.io@^4.5.4
48 http fetch GET 200 https://registry.npmjs.org/compression 73ms (cache miss)
49 http fetch GET 200 https://registry.npmjs.org/serve-static 159ms (cache miss)
50 http fetch GET 200 https://registry.npmjs.org/socket.io 274ms (cache miss)
51 http fetch GET 200 https://registry.npmjs.org/gridstack 316ms (cache miss)
52 timing idealTree:#root Completed in 869ms
53 silly placeDep ROOT compression@1.7.4 OK for: node-red-dashboard@3.5.0 want: ^1.7.4
54 silly placeDep ROOT gridstack@0.6.4 OK for: node-red-dashboard@3.5.0 want: ^0.6.4
55 silly placeDep ROOT serve-static@1.15.0 OK for: node-red-dashboard@3.5.0 want: ^1.15.0
56 silly placeDep ROOT socket.io@4.7.1 OK for: node-red-dashboard@3.5.0 want: ^4.5.4
57 silly fetch manifest accepts@~1.3.5
58 silly fetch manifest bytes@3.0.0
59 silly fetch manifest compressible@~2.0.16
60 silly fetch manifest debug@2.6.9
61 silly fetch manifest on-headers@~1.0.2
62 silly fetch manifest safe-buffer@5.1.2
63 silly fetch manifest vary@~1.1.2
64 silly fetch manifest jquery@^1.8 || 2 || 3
65 silly fetch manifest encodeurl@~1.0.2
66 silly fetch manifest escape-html@~1.0.3
67 silly fetch manifest parseurl@~1.3.3
68 silly fetch manifest send@0.18.0
69 silly fetch manifest accepts@~1.3.4
70 silly fetch manifest base64id@~2.0.0
71 silly fetch manifest cors@~2.8.5
72 silly fetch manifest debug@~4.3.2
73 silly fetch manifest engine.io@~6.5.0
74 silly fetch manifest socket.io-adapter@~2.5.2
75 silly fetch manifest socket.io-parser@~4.2.4
76 http fetch GET 200 https://registry.npmjs.org/bytes 136ms (cache miss)
77 http fetch GET 200 https://registry.npmjs.org/compressible 135ms (cache miss)
78 http fetch GET 200 https://registry.npmjs.org/debug 136ms (cache miss)
79 http fetch GET 200 https://registry.npmjs.org/accepts 147ms (cache miss)
80 http fetch GET 200 https://registry.npmjs.org/socket.io-adapter 158ms (cache miss)
81 http fetch GET 200 https://registry.npmjs.org/vary 176ms (cache miss)
82 http fetch GET 200 https://registry.npmjs.org/encodeurl 193ms (cache miss)
83 http fetch GET 200 https://registry.npmjs.org/parseurl 215ms (cache miss)
84 http fetch GET 200 https://registry.npmjs.org/base64id 227ms (cache miss)
85 http fetch GET 200 https://registry.npmjs.org/accepts 229ms (cache miss)
86 http fetch GET 200 https://registry.npmjs.org/escape-html 250ms (cache miss)
87 http fetch GET 200 https://registry.npmjs.org/socket.io-parser 238ms (cache miss)
88 http fetch GET 200 https://registry.npmjs.org/jquery 332ms (cache miss)
89 http fetch GET 200 https://registry.npmjs.org/cors 365ms (cache miss)
90 http fetch GET 200 https://registry.npmjs.org/debug 370ms (cache miss)
91 http fetch GET 200 https://registry.npmjs.org/engine.io 377ms (cache miss)
92 http fetch GET 200 https://registry.npmjs.org/on-headers 400ms (cache miss)
93 http fetch GET 200 https://registry.npmjs.org/safe-buffer 414ms (cache miss)
94 http fetch GET 200 https://registry.npmjs.org/send 410ms (cache miss)
95 timing idealTree:node_modules/node-red-dashboard Completed in 443ms
96 silly placeDep ROOT accepts@1.3.8 OK for: compression@1.7.4 want: ~1.3.5
97 silly placeDep ROOT bytes@3.0.0 OK for: compression@1.7.4 want: 3.0.0
98 silly placeDep ROOT compressible@2.0.18 OK for: compression@1.7.4 want: ~2.0.16
99 silly placeDep ROOT debug@2.6.9 OK for: compression@1.7.4 want: 2.6.9
100 silly placeDep ROOT on-headers@1.0.2 OK for: compression@1.7.4 want: ~1.0.2
101 silly placeDep ROOT safe-buffer@5.1.2 OK for: compression@1.7.4 want: 5.1.2
102 silly placeDep ROOT vary@1.1.2 OK for: compression@1.7.4 want: ~1.1.2
103 silly fetch manifest mime-types@~2.1.34
104 silly fetch manifest negotiator@0.6.3
105 silly fetch manifest mime-db@>= 1.43.0 < 2
106 silly fetch manifest ms@2.0.0
107 http fetch GET 200 https://registry.npmjs.org/negotiator 78ms (cache miss)
108 http fetch GET 200 https://registry.npmjs.org/ms 136ms (cache miss)
109 http fetch GET 200 https://registry.npmjs.org/mime-db 156ms (cache miss)
110 http fetch GET 200 https://registry.npmjs.org/mime-types 159ms (cache miss)
111 timing idealTree:node_modules/compression Completed in 172ms
112 silly placeDep ROOT mime-types@2.1.35 OK for: accepts@1.3.8 want: ~2.1.34
113 silly placeDep ROOT negotiator@0.6.3 OK for: accepts@1.3.8 want: 0.6.3
114 silly fetch manifest mime-db@1.52.0
115 timing idealTree:node_modules/accepts Completed in 4ms
116 timing idealTree:node_modules/bytes Completed in 0ms
117 silly placeDep ROOT mime-db@1.52.0 OK for: compressible@2.0.18 want: >= 1.43.0 < 2
118 timing idealTree:node_modules/compressible Completed in 1ms
119 silly placeDep ROOT ms@2.0.0 OK for: debug@2.6.9 want: 2.0.0
120 timing idealTree:node_modules/debug Completed in 0ms
121 silly placeDep ROOT jquery@3.7.0 OK for: gridstack@0.6.4 want: ^1.8 || 2 || 3
122 timing idealTree:node_modules/gridstack Completed in 1ms
123 timing idealTree:node_modules/jquery Completed in 0ms
124 timing idealTree:node_modules/mime-db Completed in 0ms
125 timing idealTree:node_modules/mime-types Completed in 0ms
126 timing idealTree:node_modules/ms Completed in 0ms
127 timing idealTree:node_modules/negotiator Completed in 0ms
128 timing idealTree:node_modules/on-headers Completed in 0ms
129 timing idealTree:node_modules/safe-buffer Completed in 0ms
130 silly placeDep ROOT encodeurl@1.0.2 OK for: serve-static@1.15.0 want: ~1.0.2
131 silly placeDep ROOT escape-html@1.0.3 OK for: serve-static@1.15.0 want: ~1.0.3
132 silly placeDep ROOT parseurl@1.3.3 OK for: serve-static@1.15.0 want: ~1.3.3
133 silly placeDep ROOT send@0.18.0 OK for: serve-static@1.15.0 want: 0.18.0
134 silly fetch manifest depd@2.0.0
135 silly fetch manifest destroy@1.2.0
136 silly fetch manifest etag@~1.8.1
137 silly fetch manifest fresh@0.5.2
138 silly fetch manifest http-errors@2.0.0
139 silly fetch manifest mime@1.6.0
140 silly fetch manifest ms@2.1.3
141 silly fetch manifest on-finished@2.4.1
142 silly fetch manifest range-parser@~1.2.1
143 silly fetch manifest statuses@2.0.1
144 http fetch GET 200 https://registry.npmjs.org/destroy 89ms (cache miss)
145 http fetch GET 200 https://registry.npmjs.org/depd 91ms (cache miss)
146 http fetch GET 200 https://registry.npmjs.org/fresh 96ms (cache miss)
147 http fetch GET 200 https://registry.npmjs.org/range-parser 98ms (cache miss)
148 http fetch GET 200 https://registry.npmjs.org/statuses 97ms (cache miss)
149 http fetch GET 200 https://registry.npmjs.org/etag 104ms (cache miss)
150 http fetch GET 200 https://registry.npmjs.org/http-errors 104ms (cache miss)
151 http fetch GET 200 https://registry.npmjs.org/mime 106ms (cache miss)
152 http fetch GET 200 https://registry.npmjs.org/on-finished 115ms (cache miss)
153 timing idealTree:node_modules/serve-static Completed in 126ms
154 timing idealTree:node_modules/encodeurl Completed in 0ms
155 timing idealTree:node_modules/escape-html Completed in 0ms
156 timing idealTree:node_modules/parseurl Completed in 0ms
157 silly placeDep ROOT depd@2.0.0 OK for: send@0.18.0 want: 2.0.0
158 silly placeDep ROOT destroy@1.2.0 OK for: send@0.18.0 want: 1.2.0
159 silly placeDep ROOT etag@1.8.1 OK for: send@0.18.0 want: ~1.8.1
160 silly placeDep ROOT fresh@0.5.2 OK for: send@0.18.0 want: 0.5.2
161 silly placeDep ROOT http-errors@2.0.0 OK for: send@0.18.0 want: 2.0.0
162 silly placeDep ROOT mime@1.6.0 OK for: send@0.18.0 want: 1.6.0
163 silly placeDep node_modules/send ms@2.1.3 OK for: send@0.18.0 want: 2.1.3
164 silly placeDep ROOT on-finished@2.4.1 OK for: send@0.18.0 want: 2.4.1
165 silly placeDep ROOT range-parser@1.2.1 OK for: send@0.18.0 want: ~1.2.1
166 silly placeDep ROOT statuses@2.0.1 OK for: send@0.18.0 want: 2.0.1
167 silly fetch manifest inherits@2.0.4
168 silly fetch manifest setprototypeof@1.2.0
169 silly fetch manifest toidentifier@1.0.1
170 silly fetch manifest ee-first@1.1.1
171 http fetch GET 200 https://registry.npmjs.org/setprototypeof 60ms (cache miss)
172 http fetch GET 200 https://registry.npmjs.org/ee-first 80ms (cache miss)
173 http fetch GET 200 https://registry.npmjs.org/inherits 89ms (cache miss)
174 http fetch GET 200 https://registry.npmjs.org/toidentifier 91ms (cache miss)
175 timing idealTree:node_modules/send Completed in 112ms
176 timing idealTree:node_modules/depd Completed in 0ms
177 timing idealTree:node_modules/destroy Completed in 0ms
178 timing idealTree:node_modules/etag Completed in 0ms
179 timing idealTree:node_modules/fresh Completed in 0ms
180 silly placeDep ROOT inherits@2.0.4 OK for: http-errors@2.0.0 want: 2.0.4
181 silly placeDep ROOT setprototypeof@1.2.0 OK for: http-errors@2.0.0 want: 1.2.0
182 silly placeDep ROOT toidentifier@1.0.1 OK for: http-errors@2.0.0 want: 1.0.1
183 timing idealTree:node_modules/http-errors Completed in 4ms
184 timing idealTree:node_modules/inherits Completed in 0ms
185 timing idealTree:node_modules/mime Completed in 0ms
186 silly placeDep ROOT ee-first@1.1.1 OK for: on-finished@2.4.1 want: 1.1.1
187 timing idealTree:node_modules/on-finished Completed in 1ms
188 timing idealTree:node_modules/ee-first Completed in 0ms
189 timing idealTree:node_modules/range-parser Completed in 0ms
190 timing idealTree:node_modules/setprototypeof Completed in 0ms
191 silly placeDep ROOT base64id@2.0.0 OK for: socket.io@4.7.1 want: ~2.0.0
192 silly placeDep ROOT cors@2.8.5 OK for: socket.io@4.7.1 want: ~2.8.5
193 silly placeDep node_modules/socket.io debug@4.3.4 OK for: socket.io@4.7.1 want: ~4.3.2
194 silly placeDep ROOT engine.io@6.5.1 OK for: socket.io@4.7.1 want: ~6.5.0
195 silly placeDep ROOT socket.io-adapter@2.5.2 OK for: socket.io@4.7.1 want: ~2.5.2
196 silly placeDep ROOT socket.io-parser@4.2.4 OK for: socket.io@4.7.1 want: ~4.2.4
197 silly fetch manifest object-assign@^4
198 silly fetch manifest ms@2.1.2
199 silly fetch manifest @types/cookie@^0.4.1
200 silly fetch manifest @types/cors@^2.8.12
201 silly fetch manifest @types/node@>=10.0.0
202 silly fetch manifest cookie@~0.4.1
203 silly fetch manifest debug@~4.3.1
204 silly fetch manifest engine.io-parser@~5.1.0
205 silly fetch manifest ws@~8.11.0
206 silly fetch manifest @socket.io/component-emitter@~3.1.0
207 http fetch GET 200 https://registry.npmjs.org/object-assign 67ms (cache miss)
208 http fetch GET 200 https://registry.npmjs.org/cookie 97ms (cache miss)
209 http fetch GET 200 https://registry.npmjs.org/engine.io-parser 101ms (cache miss)
210 http fetch GET 200 https://registry.npmjs.org/@types%2fcookie 183ms (cache miss)
211 http fetch GET 200 https://registry.npmjs.org/@types%2fcors 189ms (cache miss)
212 http fetch GET 200 https://registry.npmjs.org/@socket.io%2fcomponent-emitter 304ms (cache miss)
213 http fetch GET 200 https://registry.npmjs.org/ws 589ms (cache miss)
214 http fetch GET 200 https://registry.npmjs.org/@types%2fnode 2846ms (cache miss)
215 timing idealTree:node_modules/socket.io Completed in 2874ms
216 timing idealTree:node_modules/base64id Completed in 0ms
217 silly placeDep ROOT object-assign@4.1.1 OK for: cors@2.8.5 want: ^4
218 timing idealTree:node_modules/cors Completed in 3ms
219 silly fetch manifest bufferutil@^4.0.1
220 http fetch GET 200 https://registry.npmjs.org/bufferutil 97ms (cache miss)
221 silly fetch manifest utf-8-validate@^5.0.2
222 http fetch GET 200 https://registry.npmjs.org/utf-8-validate 251ms (cache miss)
223 silly placeDep ROOT @types/cookie@0.4.1 OK for: engine.io@6.5.1 want: ^0.4.1
224 silly placeDep ROOT @types/cors@2.8.13 OK for: engine.io@6.5.1 want: ^2.8.12
225 silly placeDep ROOT @types/node@20.3.2 OK for: engine.io@6.5.1 want: >=10.0.0
226 silly placeDep ROOT cookie@0.4.2 OK for: engine.io@6.5.1 want: ~0.4.1
227 silly placeDep node_modules/engine.io debug@4.3.4 OK for: engine.io@6.5.1 want: ~4.3.1
228 silly placeDep ROOT engine.io-parser@5.1.0 OK for: engine.io@6.5.1 want: ~5.1.0
229 silly placeDep ROOT ws@8.11.0 OK for: engine.io@6.5.1 want: ~8.11.0
230 timing idealTree:node_modules/engine.io Completed in 366ms
231 timing idealTree:node_modules/@types/cookie Completed in 0ms
232 timing idealTree:node_modules/@types/cors Completed in 0ms
233 timing idealTree:node_modules/@types/node Completed in 0ms
234 timing idealTree:node_modules/cookie Completed in 0ms
235 timing idealTree:node_modules/engine.io-parser Completed in 0ms
236 timing idealTree:node_modules/object-assign Completed in 0ms
237 timing idealTree:node_modules/socket.io-adapter Completed in 0ms
238 silly placeDep ROOT @socket.io/component-emitter@3.1.0 OK for: socket.io-parser@4.2.4 want: ~3.1.0
239 silly placeDep node_modules/socket.io-parser debug@4.3.4 OK for: socket.io-parser@4.2.4 want: ~4.3.1
240 timing idealTree:node_modules/socket.io-parser Completed in 7ms
241 timing idealTree:node_modules/@socket.io/component-emitter Completed in 0ms
242 timing idealTree:node_modules/statuses Completed in 0ms
243 timing idealTree:node_modules/toidentifier Completed in 0ms
244 timing idealTree:node_modules/vary Completed in 1ms
245 timing idealTree:node_modules/ws Completed in 0ms
246 silly placeDep node_modules/engine.io ms@2.1.2 OK for: debug@4.3.4 want: 2.1.2
247 timing idealTree:node_modules/engine.io/node_modules/debug Completed in 6ms
248 timing idealTree:node_modules/engine.io/node_modules/ms Completed in 0ms
249 timing idealTree:node_modules/send/node_modules/ms Completed in 0ms
250 silly placeDep node_modules/socket.io-parser ms@2.1.2 OK for: debug@4.3.4 want: 2.1.2
251 timing idealTree:node_modules/socket.io-parser/node_modules/debug Completed in 2ms
252 timing idealTree:node_modules/socket.io-parser/node_modules/ms Completed in 0ms
253 silly placeDep node_modules/socket.io ms@2.1.2 OK for: debug@4.3.4 want: 2.1.2
254 timing idealTree:node_modules/socket.io/node_modules/debug Completed in 2ms
255 timing idealTree:node_modules/socket.io/node_modules/ms Completed in 0ms
256 timing idealTree:buildDeps Completed in 5003ms
257 timing idealTree:fixDepFlags Completed in 2ms
258 timing idealTree Completed in 5030ms
259 timing reify:loadTrees Completed in 5032ms
260 timing reify:diffTrees Completed in 3ms
261 silly reify moves {}
262 timing reify:retireShallow Completed in 1ms
263 timing reify:createSparse Completed in 26ms
264 timing reify:trashOmits Completed in 0ms
265 timing reify:loadBundles Completed in 0ms
266 silly tarball no local data for @socket.io/component-emitter@https://registry.npmjs.org/@socket.io/component-emitter/-/component-emitter-3.1.0.tgz. Extracting by manifest.
267 silly tarball no local data for ws@https://registry.npmjs.org/ws/-/ws-8.11.0.tgz. Extracting by manifest.
268 silly tarball no local data for engine.io-parser@https://registry.npmjs.org/engine.io-parser/-/engine.io-parser-5.1.0.tgz. Extracting by manifest.
269 silly tarball no local data for cookie@https://registry.npmjs.org/cookie/-/cookie-0.4.2.tgz. Extracting by manifest.
270 silly tarball no local data for @types/node@https://registry.npmjs.org/@types/node/-/node-20.3.2.tgz. Extracting by manifest.
271 silly tarball no local data for @types/cors@https://registry.npmjs.org/@types/cors/-/cors-2.8.13.tgz. Extracting by manifest.
272 silly tarball no local data for @types/cookie@https://registry.npmjs.org/@types/cookie/-/cookie-0.4.1.tgz. Extracting by manifest.
273 silly tarball no local data for object-assign@https://registry.npmjs.org/object-assign/-/object-assign-4.1.1.tgz. Extracting by manifest.
274 silly tarball no local data for socket.io-parser@https://registry.npmjs.org/socket.io-parser/-/socket.io-parser-4.2.4.tgz. Extracting by manifest.
275 silly tarball no local data for socket.io-adapter@https://registry.npmjs.org/socket.io-adapter/-/socket.io-adapter-2.5.2.tgz. Extracting by manifest.
276 silly tarball no local data for engine.io@https://registry.npmjs.org/engine.io/-/engine.io-6.5.1.tgz. Extracting by manifest.
277 silly tarball no local data for cors@https://registry.npmjs.org/cors/-/cors-2.8.5.tgz. Extracting by manifest.
278 silly tarball no local data for base64id@https://registry.npmjs.org/base64id/-/base64id-2.0.0.tgz. Extracting by manifest.
279 silly tarball no local data for toidentifier@https://registry.npmjs.org/toidentifier/-/toidentifier-1.0.1.tgz. Extracting by manifest.
280 silly tarball no local data for setprototypeof@https://registry.npmjs.org/setprototypeof/-/setprototypeof-1.2.0.tgz. Extracting by manifest.
281 silly tarball no local data for ee-first@https://registry.npmjs.org/ee-first/-/ee-first-1.1.1.tgz. Extracting by manifest.
282 silly tarball no local data for inherits@https://registry.npmjs.org/inherits/-/inherits-2.0.4.tgz. Extracting by manifest.
283 silly tarball no local data for range-parser@https://registry.npmjs.org/range-parser/-/range-parser-1.2.1.tgz. Extracting by manifest.
284 silly tarball no local data for statuses@https://registry.npmjs.org/statuses/-/statuses-2.0.1.tgz. Extracting by manifest.
285 silly tarball no local data for on-finished@https://registry.npmjs.org/on-finished/-/on-finished-2.4.1.tgz. Extracting by manifest.
286 silly tarball no local data for mime@https://registry.npmjs.org/mime/-/mime-1.6.0.tgz. Extracting by manifest.
287 silly tarball no local data for fresh@https://registry.npmjs.org/fresh/-/fresh-0.5.2.tgz. Extracting by manifest.
288 silly tarball no local data for http-errors@https://registry.npmjs.org/http-errors/-/http-errors-2.0.0.tgz. Extracting by manifest.
289 silly tarball no local data for etag@https://registry.npmjs.org/etag/-/etag-1.8.1.tgz. Extracting by manifest.
290 silly tarball no local data for destroy@https://registry.npmjs.org/destroy/-/destroy-1.2.0.tgz. Extracting by manifest.
291 silly tarball no local data for depd@https://registry.npmjs.org/depd/-/depd-2.0.0.tgz. Extracting by manifest.
292 silly tarball no local data for send@https://registry.npmjs.org/send/-/send-0.18.0.tgz. Extracting by manifest.
293 silly tarball no local data for parseurl@https://registry.npmjs.org/parseurl/-/parseurl-1.3.3.tgz. Extracting by manifest.
294 silly tarball no local data for escape-html@https://registry.npmjs.org/escape-html/-/escape-html-1.0.3.tgz. Extracting by manifest.
295 silly tarball no local data for encodeurl@https://registry.npmjs.org/encodeurl/-/encodeurl-1.0.2.tgz. Extracting by manifest.
296 silly tarball no local data for jquery@https://registry.npmjs.org/jquery/-/jquery-3.7.0.tgz. Extracting by manifest.
297 silly tarball no local data for ms@https://registry.npmjs.org/ms/-/ms-2.0.0.tgz. Extracting by manifest.
298 silly tarball no local data for mime-db@https://registry.npmjs.org/mime-db/-/mime-db-1.52.0.tgz. Extracting by manifest.
299 silly tarball no local data for mime-types@https://registry.npmjs.org/mime-types/-/mime-types-2.1.35.tgz. Extracting by manifest.
300 silly tarball no local data for negotiator@https://registry.npmjs.org/negotiator/-/negotiator-0.6.3.tgz. Extracting by manifest.
301 silly tarball no local data for safe-buffer@https://registry.npmjs.org/safe-buffer/-/safe-buffer-5.1.2.tgz. Extracting by manifest.
302 silly tarball no local data for on-headers@https://registry.npmjs.org/on-headers/-/on-headers-1.0.2.tgz. Extracting by manifest.
303 silly tarball no local data for debug@https://registry.npmjs.org/debug/-/debug-2.6.9.tgz. Extracting by manifest.
304 silly tarball no local data for vary@https://registry.npmjs.org/vary/-/vary-1.1.2.tgz. Extracting by manifest.
305 silly tarball no local data for compressible@https://registry.npmjs.org/compressible/-/compressible-2.0.18.tgz. Extracting by manifest.
306 silly tarball no local data for bytes@https://registry.npmjs.org/bytes/-/bytes-3.0.0.tgz. Extracting by manifest.
307 silly tarball no local data for accepts@https://registry.npmjs.org/accepts/-/accepts-1.3.8.tgz. Extracting by manifest.
308 silly tarball no local data for socket.io@https://registry.npmjs.org/socket.io/-/socket.io-4.7.1.tgz. Extracting by manifest.
309 silly tarball no local data for gridstack@https://registry.npmjs.org/gridstack/-/gridstack-0.6.4.tgz. Extracting by manifest.
310 silly tarball no local data for serve-static@https://registry.npmjs.org/serve-static/-/serve-static-1.15.0.tgz. Extracting by manifest.
311 silly tarball no local data for node-red-dashboard@https://registry.npmjs.org/node-red-dashboard/-/node-red-dashboard-3.5.0.tgz. Extracting by manifest.
312 silly tarball no local data for debug@https://registry.npmjs.org/debug/-/debug-4.3.4.tgz. Extracting by manifest.
313 silly tarball no local data for compression@https://registry.npmjs.org/compression/-/compression-1.7.4.tgz. Extracting by manifest.
314 silly tarball no local data for ms@https://registry.npmjs.org/ms/-/ms-2.1.2.tgz. Extracting by manifest.
315 silly tarball no local data for debug@https://registry.npmjs.org/debug/-/debug-4.3.4.tgz. Extracting by manifest.
316 silly tarball no local data for ms@https://registry.npmjs.org/ms/-/ms-2.1.2.tgz. Extracting by manifest.
317 silly tarball no local data for ms@https://registry.npmjs.org/ms/-/ms-2.1.3.tgz. Extracting by manifest.
318 silly tarball no local data for ms@https://registry.npmjs.org/ms/-/ms-2.1.2.tgz. Extracting by manifest.
319 silly tarball no local data for debug@https://registry.npmjs.org/debug/-/debug-4.3.4.tgz. Extracting by manifest.
320 http fetch GET 200 https://registry.npmjs.org/setprototypeof/-/setprototypeof-1.2.0.tgz 238ms (cache miss)
321 timing reifyNode:node_modules/setprototypeof Completed in 297ms
322 http fetch GET 200 https://registry.npmjs.org/cookie/-/cookie-0.4.2.tgz 259ms (cache miss)
323 timing reifyNode:node_modules/cookie Completed in 301ms
324 http fetch GET 200 https://registry.npmjs.org/base64id/-/base64id-2.0.0.tgz 258ms (cache miss)
325 timing reifyNode:node_modules/base64id Completed in 314ms
326 http fetch GET 200 https://registry.npmjs.org/cors/-/cors-2.8.5.tgz 263ms (cache miss)
327 timing reifyNode:node_modules/cors Completed in 317ms
328 http fetch GET 200 https://registry.npmjs.org/toidentifier/-/toidentifier-1.0.1.tgz 263ms (cache miss)
329 timing reifyNode:node_modules/toidentifier Completed in 320ms
330 http fetch GET 200 https://registry.npmjs.org/socket.io-adapter/-/socket.io-adapter-2.5.2.tgz 283ms (cache miss)
331 timing reifyNode:node_modules/socket.io-adapter Completed in 331ms
332 http fetch GET 200 https://registry.npmjs.org/@types/cors/-/cors-2.8.13.tgz 290ms (cache miss)
333 timing reifyNode:node_modules/@types/cors Completed in 334ms
334 http fetch GET 200 https://registry.npmjs.org/object-assign/-/object-assign-4.1.1.tgz 290ms (cache miss)
335 timing reifyNode:node_modules/object-assign Completed in 336ms
336 http fetch GET 200 https://registry.npmjs.org/@types/cookie/-/cookie-0.4.1.tgz 305ms (cache miss)
337 timing reifyNode:node_modules/@types/cookie Completed in 350ms
338 http fetch GET 200 https://registry.npmjs.org/@socket.io/component-emitter/-/component-emitter-3.1.0.tgz 341ms (cache miss)
339 timing reifyNode:node_modules/@socket.io/component-emitter Completed in 381ms
340 http fetch GET 200 https://registry.npmjs.org/inherits/-/inherits-2.0.4.tgz 379ms (cache miss)
341 timing reifyNode:node_modules/inherits Completed in 440ms
342 http fetch GET 200 https://registry.npmjs.org/range-parser/-/range-parser-1.2.1.tgz 383ms (cache miss)
343 timing reifyNode:node_modules/range-parser Completed in 444ms
344 http fetch GET 200 https://registry.npmjs.org/socket.io-parser/-/socket.io-parser-4.2.4.tgz 399ms (cache miss)
345 http fetch GET 200 https://registry.npmjs.org/ee-first/-/ee-first-1.1.1.tgz 391ms (cache miss)
346 timing reifyNode:node_modules/ee-first Completed in 451ms
347 http fetch GET 200 https://registry.npmjs.org/on-finished/-/on-finished-2.4.1.tgz 390ms (cache miss)
348 timing reifyNode:node_modules/on-finished Completed in 455ms
349 timing reifyNode:node_modules/socket.io-parser Completed in 472ms
350 http fetch GET 200 https://registry.npmjs.org/ws/-/ws-8.11.0.tgz 443ms (cache miss)
351 timing reifyNode:node_modules/ws Completed in 483ms
352 http fetch GET 200 https://registry.npmjs.org/engine.io-parser/-/engine.io-parser-5.1.0.tgz 444ms (cache miss)
353 http fetch GET 200 https://registry.npmjs.org/fresh/-/fresh-0.5.2.tgz 423ms (cache miss)
354 timing reifyNode:node_modules/fresh Completed in 489ms
355 timing reifyNode:node_modules/engine.io-parser Completed in 492ms
356 http fetch GET 200 https://registry.npmjs.org/etag/-/etag-1.8.1.tgz 432ms (cache miss)
357 timing reifyNode:node_modules/etag Completed in 501ms
358 http fetch GET 200 https://registry.npmjs.org/http-errors/-/http-errors-2.0.0.tgz 438ms (cache miss)
359 timing reifyNode:node_modules/http-errors Completed in 505ms
360 http fetch GET 200 https://registry.npmjs.org/statuses/-/statuses-2.0.1.tgz 461ms (cache miss)
361 timing reifyNode:node_modules/statuses Completed in 524ms
362 http fetch GET 200 https://registry.npmjs.org/depd/-/depd-2.0.0.tgz 454ms (cache miss)
363 timing reifyNode:node_modules/depd Completed in 527ms
364 http fetch GET 200 https://registry.npmjs.org/destroy/-/destroy-1.2.0.tgz 461ms (cache miss)
365 timing reifyNode:node_modules/destroy Completed in 531ms
366 http fetch GET 200 https://registry.npmjs.org/send/-/send-0.18.0.tgz 460ms (cache miss)
367 timing reifyNode:node_modules/send Completed in 533ms
368 http fetch GET 200 https://registry.npmjs.org/mime/-/mime-1.6.0.tgz 471ms (cache miss)
369 timing reifyNode:node_modules/mime Completed in 536ms
370 http fetch GET 200 https://registry.npmjs.org/escape-html/-/escape-html-1.0.3.tgz 467ms (cache miss)
371 timing reifyNode:node_modules/escape-html Completed in 543ms
372 http fetch GET 200 https://registry.npmjs.org/parseurl/-/parseurl-1.3.3.tgz 470ms (cache miss)
373 timing reifyNode:node_modules/parseurl Completed in 544ms
374 http fetch GET 200 https://registry.npmjs.org/encodeurl/-/encodeurl-1.0.2.tgz 473ms (cache miss)
375 timing reifyNode:node_modules/encodeurl Completed in 553ms
376 http fetch GET 200 https://registry.npmjs.org/engine.io/-/engine.io-6.5.1.tgz 512ms (cache miss)
377 timing reifyNode:node_modules/engine.io Completed in 565ms
378 http fetch GET 200 https://registry.npmjs.org/mime-types/-/mime-types-2.1.35.tgz 481ms (cache miss)
379 timing reifyNode:node_modules/mime-types Completed in 566ms
380 http fetch GET 200 https://registry.npmjs.org/safe-buffer/-/safe-buffer-5.1.2.tgz 487ms (cache miss)
381 timing reifyNode:node_modules/safe-buffer Completed in 575ms
382 http fetch GET 200 https://registry.npmjs.org/on-headers/-/on-headers-1.0.2.tgz 545ms (cache miss)
383 timing reifyNode:node_modules/on-headers Completed in 634ms
384 http fetch GET 200 https://registry.npmjs.org/debug/-/debug-2.6.9.tgz 545ms (cache miss)
385 http fetch GET 200 https://registry.npmjs.org/vary/-/vary-1.1.2.tgz 546ms (cache miss)
386 timing reifyNode:node_modules/vary Completed in 637ms
387 http fetch GET 200 https://registry.npmjs.org/compressible/-/compressible-2.0.18.tgz 546ms (cache miss)
388 timing reifyNode:node_modules/compressible Completed in 638ms
389 timing reifyNode:node_modules/debug Completed in 639ms
390 http fetch GET 200 https://registry.npmjs.org/bytes/-/bytes-3.0.0.tgz 551ms (cache miss)
391 timing reifyNode:node_modules/bytes Completed in 643ms
392 http fetch GET 200 https://registry.npmjs.org/accepts/-/accepts-1.3.8.tgz 552ms (cache miss)
393 timing reifyNode:node_modules/accepts Completed in 647ms
394 http fetch GET 200 https://registry.npmjs.org/ms/-/ms-2.0.0.tgz 731ms (cache miss)
395 timing reifyNode:node_modules/ms Completed in 813ms
396 http fetch GET 200 https://registry.npmjs.org/ms/-/ms-2.1.2.tgz 1153ms (cache miss)
397 timing reifyNode:node_modules/socket.io-parser/node_modules/ms Completed in 1266ms
398 http fetch GET 200 https://registry.npmjs.org/negotiator/-/negotiator-0.6.3.tgz 1305ms (cache miss)
399 timing reifyNode:node_modules/negotiator Completed in 1391ms
400 http fetch GET 200 https://registry.npmjs.org/serve-static/-/serve-static-1.15.0.tgz 1566ms (cache miss)
401 timing reifyNode:node_modules/serve-static Completed in 1667ms
402 http fetch GET 200 https://registry.npmjs.org/debug/-/debug-4.3.4.tgz 1599ms (cache miss)
403 timing reifyNode:node_modules/socket.io-parser/node_modules/debug Completed in 1704ms
404 http fetch GET 200 https://registry.npmjs.org/compression/-/compression-1.7.4.tgz 1599ms (cache miss)
405 timing reifyNode:node_modules/compression Completed in 1704ms
406 http fetch GET 200 https://registry.npmjs.org/gridstack/-/gridstack-0.6.4.tgz 2224ms (cache miss)
407 timing reifyNode:node_modules/gridstack Completed in 2324ms
408 http fetch GET 200 https://registry.npmjs.org/ms/-/ms-2.1.3.tgz 2332ms (cache miss)
409 timing reifyNode:node_modules/send/node_modules/ms Completed in 2444ms
410 http fetch GET 200 https://registry.npmjs.org/mime-db/-/mime-db-1.52.0.tgz 2431ms (cache miss)
411 timing reifyNode:node_modules/mime-db Completed in 2515ms
412 http fetch GET 200 https://registry.npmjs.org/ms/-/ms-2.1.2.tgz 2430ms (cache miss)
413 timing reifyNode:node_modules/socket.io/node_modules/ms Completed in 2542ms
414 http fetch GET 200 https://registry.npmjs.org/ms/-/ms-2.1.2.tgz 2519ms (cache miss)
415 timing reifyNode:node_modules/engine.io/node_modules/ms Completed in 2627ms
416 http fetch GET 200 https://registry.npmjs.org/debug/-/debug-4.3.4.tgz 2639ms (cache miss)
417 timing reifyNode:node_modules/socket.io/node_modules/debug Completed in 2752ms
418 http fetch GET 200 https://registry.npmjs.org/socket.io/-/socket.io-4.7.1.tgz 2805ms (cache miss)
419 timing reifyNode:node_modules/socket.io Completed in 2900ms
420 http fetch GET 200 https://registry.npmjs.org/jquery/-/jquery-3.7.0.tgz 2889ms (cache miss)
421 timing reifyNode:node_modules/jquery Completed in 2970ms
422 http fetch GET 200 https://registry.npmjs.org/debug/-/debug-4.3.4.tgz 3852ms (cache miss)
423 timing reifyNode:node_modules/engine.io/node_modules/debug Completed in 3962ms
424 http fetch GET 200 https://registry.npmjs.org/@types/node/-/node-20.3.2.tgz 4073ms (cache miss)
425 timing reifyNode:node_modules/@types/node Completed in 4116ms
426 http fetch GET 200 https://registry.npmjs.org/node-red-dashboard/-/node-red-dashboard-3.5.0.tgz 9476ms (cache miss)
427 timing reifyNode:node_modules/node-red-dashboard Completed in 9578ms
428 timing reify:unpack Completed in 9581ms
429 timing reify:unretire Completed in 1ms
430 timing build:queue Completed in 3ms
431 timing build:link:node_modules/mime Completed in 4ms
432 timing build:link Completed in 5ms
433 timing build:deps Completed in 8ms
434 timing build Completed in 9ms
435 timing reify:build Completed in 9ms
436 timing reify:trash Completed in 0ms
437 timing reify:save Completed in 19ms
438 timing reify Completed in 14689ms
439 silly ADD node_modules/@socket.io/component-emitter
440 silly ADD node_modules/ws
441 silly ADD node_modules/engine.io-parser
442 silly ADD node_modules/cookie
443 silly ADD node_modules/@types/node
444 silly ADD node_modules/@types/cors
445 silly ADD node_modules/@types/cookie
446 silly ADD node_modules/object-assign
447 silly ADD node_modules/socket.io-parser
448 silly ADD node_modules/socket.io-parser/node_modules/ms
449 silly ADD node_modules/socket.io-parser/node_modules/debug
450 silly ADD node_modules/socket.io-adapter
451 silly ADD node_modules/engine.io
452 silly ADD node_modules/engine.io/node_modules/ms
453 silly ADD node_modules/engine.io/node_modules/debug
454 silly ADD node_modules/cors
455 silly ADD node_modules/base64id
456 silly ADD node_modules/ee-first
457 silly ADD node_modules/toidentifier
458 silly ADD node_modules/setprototypeof
459 silly ADD node_modules/inherits
460 silly ADD node_modules/statuses
461 silly ADD node_modules/range-parser
462 silly ADD node_modules/on-finished
463 silly ADD node_modules/mime
464 silly ADD node_modules/http-errors
465 silly ADD node_modules/fresh
466 silly ADD node_modules/etag
467 silly ADD node_modules/destroy
468 silly ADD node_modules/depd
469 silly ADD node_modules/send
470 silly ADD node_modules/send/node_modules/ms
471 silly ADD node_modules/parseurl
472 silly ADD node_modules/escape-html
473 silly ADD node_modules/encodeurl
474 silly ADD node_modules/jquery
475 silly ADD node_modules/ms
476 silly ADD node_modules/mime-db
477 silly ADD node_modules/negotiator
478 silly ADD node_modules/mime-types
479 silly ADD node_modules/vary
480 silly ADD node_modules/safe-buffer
481 silly ADD node_modules/on-headers
482 silly ADD node_modules/debug
483 silly ADD node_modules/compressible
484 silly ADD node_modules/bytes
485 silly ADD node_modules/accepts
486 silly ADD node_modules/socket.io
487 silly ADD node_modules/socket.io/node_modules/ms
488 silly ADD node_modules/socket.io/node_modules/debug
489 silly ADD node_modules/serve-static
490 silly ADD node_modules/gridstack
491 silly ADD node_modules/compression
492 silly ADD node_modules/node-red-dashboard
493 timing command:install Completed in 14696ms
494 verbose exit 0
495 timing npm Completed in 14846ms
496 info ok
